<?xml version="1.0" encoding="UTF-8"?>
<!-- Generated by org.testng.reporters.JUnitXMLReporter -->
<testsuite ignored="2" hostname="TYP1517" failures="0" tests="2" name="test2" time="79.111" errors="0" timestamp="2022-05-23T18:34:20 IST">
  <testcase classname="com.vtiger.contactsTest.CreateContactsTest" name="createContactsTest" time="23.681"/>
  <testcase classname="com.vtiger.oganizationTest.CreateOrganizationTest" name="createOrganizationTest" time="22.384"/>
  <testcase classname="com.sdet34l1.genericUtility.BaseClass" name="@BeforeSuite beforesuite1Test" time="0.0">
    <ignored/>
  </testcase> <!-- @BeforeSuite beforesuite1Test -->
  <testcase classname="com.sdet34l1.genericUtility.BaseClass" name="@AfterSuite aftersuite1Test" time="0.0">
    <ignored/>
  </testcase> <!-- @AfterSuite aftersuite1Test -->
</testsuite> <!-- test2 -->
