<?xml version="1.0" encoding="UTF-8"?>
<testng-results ignored="0" total="1" passed="1" failed="0" skipped="0">
  <reporter-output>
  </reporter-output>
  <suite started-at="2022-06-03T16:21:59 IST" name="Default suite" finished-at="2022-06-03T16:22:04 IST" duration-ms="5787">
    <groups>
    </groups>
    <test started-at="2022-06-03T16:21:59 IST" name="Default test" finished-at="2022-06-03T16:22:04 IST" duration-ms="5787">
      <class name="com.vtiger.practice.ShadowElement1">
        <test-method signature="practice()[pri:0, instance:com.vtiger.practice.ShadowElement1@1949309d]" started-at="2022-06-03T16:21:59 IST" name="practice" finished-at="2022-06-03T16:22:04 IST" duration-ms="5603" status="PASS">
          <reporter-output>
          </reporter-output>
        </test-method> <!-- practice -->
      </class> <!-- com.vtiger.practice.ShadowElement1 -->
    </test> <!-- Default test -->
  </suite> <!-- Default suite -->
</testng-results>
